<?xml version="1.0" encoding="UTF-8"?>
<robot generator="Robot 4.1.2 (Python 3.10.0 on win32)" generated="20211024 13:03:39.312" rpa="false" schemaversion="2">
<suite id="s1" name="Webautomation" source="C:\Users\Administrator\Desktop\teste4\webautomation.robot">
<kw name="Abrir o navegador" library="resource" type="SETUP">
<kw name="Open Browser" library="SeleniumLibrary">
<arg>browser=Chrome</arg>
<doc>Opens a new browser instance to the optional ``url``.</doc>
<msg timestamp="20211024 13:03:39.463" level="INFO">Opening browser 'Chrome' to base url 'None'.</msg>
<status status="PASS" starttime="20211024 13:03:39.463" endtime="20211024 13:03:40.447"/>
</kw>
<status status="PASS" starttime="20211024 13:03:39.463" endtime="20211024 13:03:40.447"/>
</kw>
<test id="s1-t1" name="Caso de Teste 04: Criar cadastro">
<kw name="Acessar a página home do site" library="resource">
<kw name="Go To" library="SeleniumLibrary">
<arg>${URL}</arg>
<doc>Navigates the current browser window to the provided ``url``.</doc>
<msg timestamp="20211024 13:03:40.448" level="INFO">Opening url 'http://automationpractice.com'</msg>
<status status="PASS" starttime="20211024 13:03:40.448" endtime="20211024 13:03:46.225"/>
</kw>
<status status="PASS" starttime="20211024 13:03:40.448" endtime="20211024 13:03:46.225"/>
</kw>
<kw name="Clicar em &quot;Signin&quot;" library="resource">
<kw name="Wait Until Element Is Visible" library="SeleniumLibrary">
<arg>//a[contains(.,'Sign in')]</arg>
<doc>Waits until the element ``locator`` is visible.</doc>
<status status="PASS" starttime="20211024 13:03:46.226" endtime="20211024 13:03:46.243"/>
</kw>
<kw name="Click Element" library="SeleniumLibrary">
<arg>//a[contains(.,'Sign in')]</arg>
<doc>Click the element identified by ``locator``.</doc>
<msg timestamp="20211024 13:03:46.243" level="INFO">Clicking element '//a[contains(.,'Sign in')]'.</msg>
<status status="PASS" starttime="20211024 13:03:46.243" endtime="20211024 13:03:47.693"/>
</kw>
<status status="PASS" starttime="20211024 13:03:46.225" endtime="20211024 13:03:47.693"/>
</kw>
<kw name="Informar e-mail &quot;diogo_dra2@yahoo.com.br&quot;" library="resource" sourcename="Informar e-mail &quot;${email}&quot;">
<kw name="Wait Until Element Is Visible" library="SeleniumLibrary">
<arg>id:email_create</arg>
<doc>Waits until the element ``locator`` is visible.</doc>
<status status="PASS" starttime="20211024 13:03:47.694" endtime="20211024 13:03:47.713"/>
</kw>
<kw name="Input Text" library="SeleniumLibrary">
<arg>id:email_create</arg>
<arg>${email}</arg>
<doc>Types the given ``text`` into the text field identified by ``locator``.</doc>
<msg timestamp="20211024 13:03:47.714" level="INFO">Typing text 'diogo_dra2@yahoo.com.br' into text field 'id:email_create'.</msg>
<status status="PASS" starttime="20211024 13:03:47.714" endtime="20211024 13:03:47.772"/>
</kw>
<status status="PASS" starttime="20211024 13:03:47.693" endtime="20211024 13:03:47.772"/>
</kw>
<kw name="Clicar em &quot;Createanaccount&quot;" library="resource">
<kw name="Click Element" library="SeleniumLibrary">
<arg>//span[contains(.,'Create an account')]</arg>
<doc>Click the element identified by ``locator``.</doc>
<msg timestamp="20211024 13:03:47.773" level="INFO">Clicking element '//span[contains(.,'Create an account')]'.</msg>
<status status="PASS" starttime="20211024 13:03:47.773" endtime="20211024 13:03:47.817"/>
</kw>
<status status="PASS" starttime="20211024 13:03:47.773" endtime="20211024 13:03:47.817"/>
</kw>
<kw name="Preencher Title" library="resource">
<kw name="Sleep" library="BuiltIn">
<arg>4</arg>
<doc>Pauses the test executed for the given time.</doc>
<msg timestamp="20211024 13:03:51.822" level="INFO">Slept 4 seconds</msg>
<status status="PASS" starttime="20211024 13:03:47.818" endtime="20211024 13:03:51.822"/>
</kw>
<kw name="Click Button" library="SeleniumLibrary">
<arg>id=id_gender1</arg>
<doc>Clicks the button identified by ``locator``.</doc>
<msg timestamp="20211024 13:03:51.822" level="INFO">Clicking button 'id=id_gender1'.</msg>
<status status="PASS" starttime="20211024 13:03:51.822" endtime="20211024 13:03:51.856"/>
</kw>
<status status="PASS" starttime="20211024 13:03:47.817" endtime="20211024 13:03:51.856"/>
</kw>
<kw name="Preencher First Name Diogo" library="resource" sourcename="Preencher First Name ${first}">
<kw name="Input Text" library="SeleniumLibrary">
<arg>id:customer_firstname</arg>
<arg>${first}</arg>
<doc>Types the given ``text`` into the text field identified by ``locator``.</doc>
<msg timestamp="20211024 13:03:51.858" level="INFO">Typing text 'Diogo' into text field 'id:customer_firstname'.</msg>
<status status="PASS" starttime="20211024 13:03:51.857" endtime="20211024 13:03:51.912"/>
</kw>
<status status="PASS" starttime="20211024 13:03:51.857" endtime="20211024 13:03:51.912"/>
</kw>
<kw name="Preencher Last name Alves" library="resource" sourcename="Preencher Last name ${Last}">
<kw name="Input Text" library="SeleniumLibrary">
<arg>id:customer_lastname</arg>
<arg>${last}</arg>
<doc>Types the given ``text`` into the text field identified by ``locator``.</doc>
<msg timestamp="20211024 13:03:51.913" level="INFO">Typing text 'Alves' into text field 'id:customer_lastname'.</msg>
<status status="PASS" starttime="20211024 13:03:51.912" endtime="20211024 13:03:51.966"/>
</kw>
<status status="PASS" starttime="20211024 13:03:51.912" endtime="20211024 13:03:51.966"/>
</kw>
<kw name="Preencher password 123456" library="resource" sourcename="Preencher password ${senha}">
<kw name="Input Text" library="SeleniumLibrary">
<arg>id:passwd</arg>
<arg>${senha}</arg>
<doc>Types the given ``text`` into the text field identified by ``locator``.</doc>
<msg timestamp="20211024 13:03:51.967" level="INFO">Typing text '123456' into text field 'id:passwd'.</msg>
<status status="PASS" starttime="20211024 13:03:51.967" endtime="20211024 13:03:52.017"/>
</kw>
<status status="PASS" starttime="20211024 13:03:51.967" endtime="20211024 13:03:52.017"/>
</kw>
<status status="PASS" starttime="20211024 13:03:40.447" endtime="20211024 13:03:52.017"/>
</test>
<test id="s1-t2" name="Caso de teste 05: teste">
<kw name="Preencher dia de nascimento 12" library="resource" sourcename="Preencher dia de nascimento ${dia}">
<kw name="Select From List By Value" library="SeleniumLibrary">
<arg>//select[contains(@name,'days')]</arg>
<arg>${dia}</arg>
<doc>Selects options from selection list ``locator`` by ``values``.</doc>
<msg timestamp="20211024 13:03:52.019" level="INFO">Selecting options from selection list '//select[contains(@name,'days')]' by value 12.</msg>
<status status="PASS" starttime="20211024 13:03:52.019" endtime="20211024 13:03:52.064"/>
</kw>
<status status="PASS" starttime="20211024 13:03:52.019" endtime="20211024 13:03:52.064"/>
</kw>
<kw name="Preencher mes de nascimento 1" library="resource" sourcename="Preencher mes de nascimento ${mes}">
<kw name="Select From List By Value" library="SeleniumLibrary">
<arg>//select[contains(@name,'months')]</arg>
<arg>${mes}</arg>
<doc>Selects options from selection list ``locator`` by ``values``.</doc>
<msg timestamp="20211024 13:03:52.065" level="INFO">Selecting options from selection list '//select[contains(@name,'months')]' by value 1.</msg>
<status status="PASS" starttime="20211024 13:03:52.065" endtime="20211024 13:03:52.106"/>
</kw>
<status status="PASS" starttime="20211024 13:03:52.065" endtime="20211024 13:03:52.106"/>
</kw>
<kw name="Preencher ano de nascimento 1993" library="resource" sourcename="Preencher ano de nascimento ${year}">
<kw name="Select From List By Value" library="SeleniumLibrary">
<arg>//select[contains(@name,'years')]</arg>
<arg>${year}</arg>
<doc>Selects options from selection list ``locator`` by ``values``.</doc>
<msg timestamp="20211024 13:03:52.107" level="INFO">Selecting options from selection list '//select[contains(@name,'years')]' by value 1993.</msg>
<status status="PASS" starttime="20211024 13:03:52.107" endtime="20211024 13:03:52.148"/>
</kw>
<status status="PASS" starttime="20211024 13:03:52.107" endtime="20211024 13:03:52.148"/>
</kw>
<kw name="Preencher Company PrimeHero" library="resource" sourcename="Preencher Company ${company}">
<kw name="Input Text" library="SeleniumLibrary">
<arg>id:company</arg>
<arg>${company}</arg>
<doc>Types the given ``text`` into the text field identified by ``locator``.</doc>
<msg timestamp="20211024 13:03:52.149" level="INFO">Typing text 'PrimeHero' into text field 'id:company'.</msg>
<status status="PASS" starttime="20211024 13:03:52.149" endtime="20211024 13:03:52.209"/>
</kw>
<status status="PASS" starttime="20211024 13:03:52.149" endtime="20211024 13:03:52.209"/>
</kw>
<kw name="Preencher endereço Honório Prado" library="resource" sourcename="Preencher endereço ${endereço}">
<kw name="Input Text" library="SeleniumLibrary">
<arg>id:address1</arg>
<arg>${endereço}</arg>
<doc>Types the given ``text`` into the text field identified by ``locator``.</doc>
<msg timestamp="20211024 13:03:52.210" level="INFO">Typing text 'Honório Prado' into text field 'id:address1'.</msg>
<status status="PASS" starttime="20211024 13:03:52.210" endtime="20211024 13:03:52.265"/>
</kw>
<status status="PASS" starttime="20211024 13:03:52.210" endtime="20211024 13:03:52.265"/>
</kw>
<kw name="Preencher cidade São Paulo" library="resource" sourcename="Preencher cidade ${cidade}">
<kw name="Input Text" library="SeleniumLibrary">
<arg>id:city</arg>
<arg>${cidade}</arg>
<doc>Types the given ``text`` into the text field identified by ``locator``.</doc>
<msg timestamp="20211024 13:03:52.266" level="INFO">Typing text 'São Paulo' into text field 'id:city'.</msg>
<status status="PASS" starttime="20211024 13:03:52.265" endtime="20211024 13:03:52.316"/>
</kw>
<status status="PASS" starttime="20211024 13:03:52.265" endtime="20211024 13:03:52.316"/>
</kw>
<kw name="Preencher Estado 5" library="resource" sourcename="Preencher Estado ${state}">
<kw name="Select From List By Value" library="SeleniumLibrary">
<arg>//select[@name='id_state'][contains(@id,'state')]</arg>
<arg>${state}</arg>
<doc>Selects options from selection list ``locator`` by ``values``.</doc>
<msg timestamp="20211024 13:03:52.317" level="INFO">Selecting options from selection list '//select[@name='id_state'][contains(@id,'state')]' by value 5.</msg>
<status status="PASS" starttime="20211024 13:03:52.317" endtime="20211024 13:03:52.360"/>
</kw>
<status status="PASS" starttime="20211024 13:03:52.317" endtime="20211024 13:03:52.360"/>
</kw>
<kw name="Preencher Zip code 04848" library="resource" sourcename="Preencher Zip code ${code}">
<kw name="Input Text" library="SeleniumLibrary">
<arg>id:postcode</arg>
<arg>${code}</arg>
<doc>Types the given ``text`` into the text field identified by ``locator``.</doc>
<msg timestamp="20211024 13:03:52.361" level="INFO">Typing text '04848' into text field 'id:postcode'.</msg>
<status status="PASS" starttime="20211024 13:03:52.361" endtime="20211024 13:03:52.412"/>
</kw>
<status status="PASS" starttime="20211024 13:03:52.360" endtime="20211024 13:03:52.412"/>
</kw>
<kw name="Preencher celular 11962985462" library="resource" sourcename="Preencher celular ${cel}">
<kw name="Input Text" library="SeleniumLibrary">
<arg>id:phone_mobile</arg>
<arg>${cel}</arg>
<doc>Types the given ``text`` into the text field identified by ``locator``.</doc>
<msg timestamp="20211024 13:03:52.413" level="INFO">Typing text '11962985462' into text field 'id:phone_mobile'.</msg>
<status status="PASS" starttime="20211024 13:03:52.413" endtime="20211024 13:03:52.471"/>
</kw>
<status status="PASS" starttime="20211024 13:03:52.413" endtime="20211024 13:03:52.471"/>
</kw>
<kw name="Submeter cadastro" library="resource">
<kw name="Click Element" library="SeleniumLibrary">
<arg>//span[contains(.,'Register')]</arg>
<doc>Click the element identified by ``locator``.</doc>
<msg timestamp="20211024 13:03:52.472" level="INFO">Clicking element '//span[contains(.,'Register')]'.</msg>
<status status="PASS" starttime="20211024 13:03:52.472" endtime="20211024 13:03:53.920"/>
</kw>
<status status="PASS" starttime="20211024 13:03:52.472" endtime="20211024 13:03:53.920"/>
</kw>
<kw name="Conferir se o cadastro foi efetuado com sucesso MY ACCOUNT" library="resource" sourcename="Conferir se o cadastro foi efetuado com sucesso ${ACC}">
<kw name="Element Text Should Be" library="SeleniumLibrary">
<arg>//h1[@class='page-heading'][contains(.,'My account')]</arg>
<arg>${ACC}</arg>
<doc>Verifies that element ``locator`` contains exact the text ``expected``.</doc>
<msg timestamp="20211024 13:03:53.921" level="INFO">Verifying element '//h1[@class='page-heading'][contains(.,'My account')]' contains exact text 'MY ACCOUNT'.</msg>
<status status="PASS" starttime="20211024 13:03:53.921" endtime="20211024 13:03:53.940"/>
</kw>
<status status="PASS" starttime="20211024 13:03:53.921" endtime="20211024 13:03:53.940"/>
</kw>
<status status="PASS" starttime="20211024 13:03:52.018" endtime="20211024 13:03:53.940"/>
</test>
<kw name="Fechar o navegador" library="resource" type="TEARDOWN">
<kw name="Close Browser" library="SeleniumLibrary">
<doc>Closes the current browser.</doc>
<status status="PASS" starttime="20211024 13:03:53.941" endtime="20211024 13:03:56.014"/>
</kw>
<status status="PASS" starttime="20211024 13:03:53.941" endtime="20211024 13:03:56.014"/>
</kw>
<doc>Teste web 4</doc>
<status status="PASS" starttime="20211024 13:03:39.313" endtime="20211024 13:03:56.014"/>
</suite>
<statistics>
<total>
<stat pass="2" fail="0" skip="0">All Tests</stat>
</total>
<tag>
</tag>
<suite>
<stat pass="2" fail="0" skip="0" id="s1" name="Webautomation">Webautomation</stat>
</suite>
</statistics>
<errors>
</errors>
</robot>
